<testng-results>
  <reporter-output>
  </reporter-output>
  <suite name="deskshare-sv-applet">
    <groups>
      <group name="functest">
        <method signature="org.bigbluebutton.deskshare.client.tiles.TileManagerTest.createTile1Test()" name="createTile1Test" class="org.bigbluebutton.deskshare.client.tiles.TileManagerTest"/>
        <method signature="org.bigbluebutton.deskshare.client.tiles.TileManagerTest.createTile12Test()" name="createTile12Test" class="org.bigbluebutton.deskshare.client.tiles.TileManagerTest"/>
        <method signature="org.bigbluebutton.deskshare.client.tiles.TileManagerTest.createTile7Test()" name="createTile7Test" class="org.bigbluebutton.deskshare.client.tiles.TileManagerTest"/>
        <method signature="org.bigbluebutton.deskshare.client.tiles.TileManagerTest.computeNumberOfTilesTest()" name="computeNumberOfTilesTest" class="org.bigbluebutton.deskshare.client.tiles.TileManagerTest"/>
        <method signature="org.bigbluebutton.deskshare.client.tiles.TileManagerTest.createTile4Test()" name="createTile4Test" class="org.bigbluebutton.deskshare.client.tiles.TileManagerTest"/>
      </group>
      <group name="checkintest">
        <method signature="org.bigbluebutton.deskshare.client.tiles.TileManagerTest.createTile1Test()" name="createTile1Test" class="org.bigbluebutton.deskshare.client.tiles.TileManagerTest"/>
        <method signature="org.bigbluebutton.deskshare.client.tiles.TileManagerTest.createTile12Test()" name="createTile12Test" class="org.bigbluebutton.deskshare.client.tiles.TileManagerTest"/>
        <method signature="org.bigbluebutton.deskshare.client.tiles.TileManagerTest.createTile7Test()" name="createTile7Test" class="org.bigbluebutton.deskshare.client.tiles.TileManagerTest"/>
        <method signature="org.bigbluebutton.deskshare.client.tiles.TileManagerTest.computeNumberOfTilesTest()" name="computeNumberOfTilesTest" class="org.bigbluebutton.deskshare.client.tiles.TileManagerTest"/>
        <method signature="org.bigbluebutton.deskshare.client.tiles.TileManagerTest.createTile4Test()" name="createTile4Test" class="org.bigbluebutton.deskshare.client.tiles.TileManagerTest"/>
      </group>
    </groups>
    <test name="org.bigbluebutton.deskshare.client.tiles.TileManagerTest">
      <class name="org.bigbluebutton.deskshare.client.tiles.TileManagerTest">
        <test-method status="PASS" signature="createTile4Test()" name="createTile4Test" duration-ms="0" started-at="2009-09-18T19:35:58Z" finished-at="2009-09-18T19:35:58Z">
        </test-method>
        <test-method status="PASS" signature="setUp()" name="setUp" is-config="true" duration-ms="0" started-at="2009-09-18T19:35:58Z" finished-at="2009-09-18T19:35:58Z">
        </test-method>
        <test-method status="PASS" signature="setUp()" name="setUp" is-config="true" duration-ms="4" started-at="2009-09-18T19:35:58Z" finished-at="2009-09-18T19:35:58Z">
        </test-method>
        <test-method status="PASS" signature="createTile7Test()" name="createTile7Test" duration-ms="0" started-at="2009-09-18T19:35:58Z" finished-at="2009-09-18T19:35:58Z">
        </test-method>
        <test-method status="PASS" signature="createTile1Test()" name="createTile1Test" duration-ms="7" started-at="2009-09-18T19:35:58Z" finished-at="2009-09-18T19:35:58Z">
        </test-method>
        <test-method status="PASS" signature="setUp()" name="setUp" is-config="true" duration-ms="0" started-at="2009-09-18T19:35:58Z" finished-at="2009-09-18T19:35:58Z">
        </test-method>
        <test-method status="PASS" signature="setUp()" name="setUp" is-config="true" duration-ms="0" started-at="2009-09-18T19:35:58Z" finished-at="2009-09-18T19:35:58Z">
        </test-method>
        <test-method status="PASS" signature="createTile12Test()" name="createTile12Test" duration-ms="1" started-at="2009-09-18T19:35:58Z" finished-at="2009-09-18T19:35:58Z">
        </test-method>
        <test-method status="PASS" signature="setUp()" name="setUp" is-config="true" duration-ms="0" started-at="2009-09-18T19:35:58Z" finished-at="2009-09-18T19:35:58Z">
        </test-method>
        <test-method status="PASS" signature="computeNumberOfTilesTest()" name="computeNumberOfTilesTest" duration-ms="1" started-at="2009-09-18T19:35:58Z" finished-at="2009-09-18T19:35:58Z">
        </test-method>
      </class>
    </test>
  </suite>
</testng-results>
