# JRE version: OpenJDK Runtime Environment (8.0_292-b10) (build 1.8.0_292-b10)
# Java VM: OpenJDK 64-Bit Server VM (25.292-b10 mixed mode linux-amd64 compressed oops)
Heap:
 PSYoungGen      total 140800K, used 126485K [0x000000071a400000, 0x0000000724d00000, 0x00000007c0000000)
  eden space 126976K, 89% used [0x000000071a400000,0x0000000721285430,0x0000000722000000)
  from space 13824K, 96% used [0x0000000723600000,0x00000007243003b8,0x0000000724380000)
  to   space 9728K, 0% used [0x0000000724380000,0x0000000724380000,0x0000000724d00000)
 ParOldGen       total 605696K, used 30377K [0x00000005cec00000, 0x00000005f3b80000, 0x000000071a400000)
  object space 605696K, 5% used [0x00000005cec00000,0x00000005d09aa7c0,0x00000005f3b80000)
 Metaspace       used 70435K, capacity 75149K, committed 75264K, reserved 1114112K
  class space    used 9295K, capacity 9703K, committed 9728K, reserved 1048576K
GC Heap History (10 events):
Event: 1,856 GC heap before
{Heap before GC invocations=4 (full 2):
 PSYoungGen      total 148992K, used 14582K [0x000000071a400000, 0x0000000727800000, 0x00000007c0000000)
  eden space 128000K, 0% used [0x000000071a400000,0x000000071a400000,0x0000000722100000)
  from space 20992K, 69% used [0x0000000723580000,0x00000007243bdb30,0x0000000724a00000)
  to   space 20992K, 0% used [0x0000000722100000,0x0000000722100000,0x0000000723580000)
 ParOldGen       total 228864K, used 13297K [0x00000005cec00000, 0x00000005dcb80000, 0x000000071a400000)
  object space 228864K, 5% used [0x00000005cec00000,0x00000005cf8fc460,0x00000005dcb80000)
 Metaspace       used 33918K, capacity 35354K, committed 35456K, reserved 1079296K
  class space    used 4730K, capacity 4926K, committed 4992K, reserved 1048576K
Event: 1,895 GC heap after
Heap after GC invocations=4 (full 2):
 PSYoungGen      total 148992K, used 0K [0x000000071a400000, 0x0000000727800000, 0x00000007c0000000)
  eden space 128000K, 0% used [0x000000071a400000,0x000000071a400000,0x0000000722100000)
  from space 20992K, 0% used [0x0000000723580000,0x0000000723580000,0x0000000724a00000)
  to   space 20992K, 0% used [0x0000000722100000,0x0000000722100000,0x0000000723580000)
 ParOldGen       total 403968K, used 18665K [0x00000005cec00000, 0x00000005e7680000, 0x000000071a400000)
  object space 403968K, 4% used [0x00000005cec00000,0x00000005cfe3a588,0x00000005e7680000)
 Metaspace       used 33916K, capacity 35348K, committed 35456K, reserved 1079296K
  class space    used 4729K, capacity 4925K, committed 4992K, reserved 1048576K
}
Event: 3,884 GC heap before
{Heap before GC invocations=5 (full 2):
 PSYoungGen      total 148992K, used 114505K [0x000000071a400000, 0x0000000727800000, 0x00000007c0000000)
  eden space 128000K, 89% used [0x000000071a400000,0x00000007213d2790,0x0000000722100000)
  from space 20992K, 0% used [0x0000000723580000,0x0000000723580000,0x0000000724a00000)
  to   space 20992K, 0% used [0x0000000722100000,0x0000000722100000,0x0000000723580000)
 ParOldGen       total 403968K, used 18665K [0x00000005cec00000, 0x00000005e7680000, 0x000000071a400000)
  object space 403968K, 4% used [0x00000005cec00000,0x00000005cfe3a588,0x00000005e7680000)
 Metaspace       used 56199K, capacity 59028K, committed 59096K, reserved 1099776K
  class space    used 7699K, capacity 8000K, committed 8064K, reserved 1048576K
Event: 3,891 GC heap after
Heap after GC invocations=5 (full 2):
 PSYoungGen      total 148992K, used 19870K [0x000000071a400000, 0x0000000726100000, 0x00000007c0000000)
  eden space 128000K, 0% used [0x000000071a400000,0x000000071a400000,0x0000000722100000)
  from space 20992K, 94% used [0x0000000722100000,0x0000000723467b18,0x0000000723580000)
  to   space 20992K, 0% used [0x0000000724c80000,0x0000000724c80000,0x0000000726100000)
 ParOldGen       total 403968K, used 18673K [0x00000005cec00000, 0x00000005e7680000, 0x000000071a400000)
  object space 403968K, 4% used [0x00000005cec00000,0x00000005cfe3c588,0x00000005e7680000)
 Metaspace       used 56199K, capacity 59028K, committed 59096K, reserved 1099776K
  class space    used 7699K, capacity 8000K, committed 8064K, reserved 1048576K
}
Event: 3,891 GC heap before
{Heap before GC invocations=6 (full 3):
 PSYoungGen      total 148992K, used 19870K [0x000000071a400000, 0x0000000726100000, 0x00000007c0000000)
  eden space 128000K, 0% used [0x000000071a400000,0x000000071a400000,0x0000000722100000)
  from space 20992K, 94% used [0x0000000722100000,0x0000000723467b18,0x0000000723580000)
  to   space 20992K, 0% used [0x0000000724c80000,0x0000000724c80000,0x0000000726100000)
 ParOldGen       total 403968K, used 18673K [0x00000005cec00000, 0x00000005e7680000, 0x000000071a400000)
  object space 403968K, 4% used [0x00000005cec00000,0x00000005cfe3c588,0x00000005e7680000)
 Metaspace       used 56199K, capacity 59028K, committed 59096K, reserved 1099776K
  class space    used 7699K, capacity 8000K, committed 8064K, reserved 1048576K
Event: 3,951 GC heap after
Heap after GC invocations=6 (full 3):
 PSYoungGen      total 148992K, used 0K [0x000000071a400000, 0x0000000726100000, 0x00000007c0000000)
  eden space 128000K, 0% used [0x000000071a400000,0x000000071a400000,0x0000000722100000)
  from space 20992K, 0% used [0x0000000722100000,0x0000000722100000,0x0000000723580000)
  to   space 20992K, 0% used [0x0000000724c80000,0x0000000724c80000,0x0000000726100000)
 ParOldGen       total 605696K, used 30353K [0x00000005cec00000, 0x00000005f3b80000, 0x000000071a400000)
  object space 605696K, 5% used [0x00000005cec00000,0x00000005d09a47c0,0x00000005f3b80000)
 Metaspace       used 56199K, capacity 59028K, committed 59096K, reserved 1099776K
  class space    used 7699K, capacity 8000K, committed 8064K, reserved 1048576K
}
Event: 183,550 GC heap before
{Heap before GC invocations=7 (full 3):
 PSYoungGen      total 148992K, used 128000K [0x000000071a400000, 0x0000000726100000, 0x00000007c0000000)
  eden space 128000K, 100% used [0x000000071a400000,0x0000000722100000,0x0000000722100000)
  from space 20992K, 0% used [0x0000000722100000,0x0000000722100000,0x0000000723580000)
  to   space 20992K, 0% used [0x0000000724c80000,0x0000000724c80000,0x0000000726100000)
 ParOldGen       total 605696K, used 30353K [0x00000005cec00000, 0x00000005f3b80000, 0x000000071a400000)
  object space 605696K, 5% used [0x00000005cec00000,0x00000005d09a47c0,0x00000005f3b80000)
 Metaspace       used 67321K, capacity 71024K, committed 71296K, reserved 1112064K
  class space    used 8939K, capacity 9275K, committed 9344K, reserved 1048576K
Event: 183,563 GC heap after
Heap after GC invocations=7 (full 3):
 PSYoungGen      total 146944K, used 18845K [0x000000071a400000, 0x0000000725f00000, 0x00000007c0000000)
  eden space 128000K, 0% used [0x000000071a400000,0x000000071a400000,0x0000000722100000)
  from space 18944K, 99% used [0x0000000724c80000,0x0000000725ee75c8,0x0000000725f00000)
  to   space 20992K, 0% used [0x0000000723600000,0x0000000723600000,0x0000000724a80000)
 ParOldGen       total 605696K, used 30361K [0x00000005cec00000, 0x00000005f3b80000, 0x000000071a400000)
  object space 605696K, 5% used [0x00000005cec00000,0x00000005d09a67c0,0x00000005f3b80000)
 Metaspace       used 67321K, capacity 71024K, committed 71296K, reserved 1112064K
  class space    used 8939K, capacity 9275K, committed 9344K, reserved 1048576K
}
Event: 13393,581 GC heap before
{Heap before GC invocations=8 (full 3):
 PSYoungGen      total 146944K, used 146845K [0x000000071a400000, 0x0000000725f00000, 0x00000007c0000000)
  eden space 128000K, 100% used [0x000000071a400000,0x0000000722100000,0x0000000722100000)
  from space 18944K, 99% used [0x0000000724c80000,0x0000000725ee75c8,0x0000000725f00000)
  to   space 20992K, 0% used [0x0000000723600000,0x0000000723600000,0x0000000724a80000)
 ParOldGen       total 605696K, used 30361K [0x00000005cec00000, 0x00000005f3b80000, 0x000000071a400000)
  object space 605696K, 5% used [0x00000005cec00000,0x00000005d09a67c0,0x00000005f3b80000)
 Metaspace       used 70380K, capacity 75085K, committed 75264K, reserved 1114112K
  class space    used 9294K, capacity 9703K, committed 9728K, reserved 1048576K
Event: 13393,607 GC heap after
Heap after GC invocations=8 (full 3):
 PSYoungGen      total 140800K, used 13312K [0x000000071a400000, 0x0000000724d00000, 0x00000007c0000000)
  eden space 126976K, 0% used [0x000000071a400000,0x000000071a400000,0x0000000722000000)
  from space 13824K, 96% used [0x0000000723600000,0x00000007243003b8,0x0000000724380000)
  to   space 9728K, 0% used [0x0000000724380000,0x0000000724380000,0x0000000724d00000)
 ParOldGen       total 605696K, used 30377K [0x00000005cec00000, 0x00000005f3b80000, 0x000000071a400000)
  object space 605696K, 5% used [0x00000005cec00000,0x00000005d09aa7c0,0x00000005f3b80000)
 Metaspace       used 70380K, capacity 75085K, committed 75264K, reserved 1114112K
  class space    used 9294K, capacity 9703K, committed 9728K, reserved 1048576K
}

